<?xml version="1.0" encoding="UTF-8"?>
<!-- Generated by org.testng.reporters.JUnitReportReporter -->
<testsuite hostname="tuanhq-Latitude-E6520" name="com.fsoft.fsu.bu11.TestGoogleCl" tests="1" failures="0" timestamp="23 Oct 2016 17:12:13 GMT" time="14.986" errors="0">
  <testcase name="method1" time="14.986" classname="com.fsoft.fsu.bu11.TestGoogleCl"/>
</testsuite> <!-- com.fsoft.fsu.bu11.TestGoogleCl -->
