<?xml version="1.0" encoding="UTF-8"?>
<!-- Generated by org.testng.reporters.JUnitReportReporter -->
<testsuite hostname="tuanhq-Latitude-E6520" name="com.fsoft.fsu.bu11.TestGoogleCl" tests="1" failures="0" timestamp="24 Oct 2016 03:09:33 GMT" time="20.039" errors="0">
  <testcase name="method1" time="20.039" classname="com.fsoft.fsu.bu11.TestGoogleCl"/>
</testsuite> <!-- com.fsoft.fsu.bu11.TestGoogleCl -->
